<?xml version="1.0" encoding="UTF-8"?>
<!-- Generated by org.testng.reporters.JUnitReportReporter -->
<testsuite hostname="LAPTOP-RDHGVBG7" failures="0" tests="1" name="com.in28minutes.rest.webservices.StaticLoginTest" time="0.450" errors="0" timestamp="14 Jun 2023 22:56:48 GMT" skipped="0">
  <testcase classname="com.in28minutes.rest.webservices.StaticLoginTest" name="f" time="0.450"/>
</testsuite> <!-- com.in28minutes.rest.webservices.StaticLoginTest -->
