<?xml version="1.0" encoding="UTF-8"?>
<!-- Generated by org.testng.reporters.JUnitReportReporter -->
<testsuite hostname="LAPTOP-RDHGVBG7" failures="0" tests="1" name="com.in28minutes.rest.webservices.StaticLoginTest" time="76.455" errors="0" timestamp="16 Jun 2023 00:44:26 GMT" skipped="0">
  <testcase classname="com.in28minutes.rest.webservices.StaticLoginTest" name="f" time="76.455"/>
</testsuite> <!-- com.in28minutes.rest.webservices.StaticLoginTest -->
