<?xml version="1.0" encoding="UTF-8"?>
<!-- Generated by org.testng.reporters.JUnitReportReporter -->
<testsuite hostname="LAPTOP-RDHGVBG7" failures="0" tests="1" name="com.in28minutes.rest.webservices.StaticLoginTest" time="101.345" errors="0" timestamp="24 Jun 2023 04:21:44 GMT" skipped="0">
  <testcase classname="com.in28minutes.rest.webservices.StaticLoginTest" name="f" time="101.345"/>
</testsuite> <!-- com.in28minutes.rest.webservices.StaticLoginTest -->
